INFO: [VRFC 10-2263] Analyzing Verilog file "E:/MIPS32/toyMIPS32/toyMIPS32/toyMIPS32.srcs/sources_1/new/OpenMIPS.v" into library xil_defaultlib
INFO: [VRFC 10-311] analyzing module OpenMIPS
INFO: [VRFC 10-2263] Analyzing Verilog file "E:/MIPS32/toyMIPS32/toyMIPS32/toyMIPS32.srcs/sources_1/new/OpenMIPS_min_sopc.v" into library xil_defaultlib
INFO: [VRFC 10-311] analyzing module OpenMIPS_min_sopc
INFO: [VRFC 10-2263] Analyzing Verilog file "E:/MIPS32/toyMIPS32/toyMIPS32/toyMIPS32.srcs/sources_1/new/ex.v" into library xil_defaultlib
INFO: [VRFC 10-311] analyzing module ex
INFO: [VRFC 10-2263] Analyzing Verilog file "E:/MIPS32/toyMIPS32/toyMIPS32/toyMIPS32.srcs/sources_1/new/ex_mem.v" into library xil_defaultlib
INFO: [VRFC 10-311] analyzing module ex_mem
INFO: [VRFC 10-2263] Analyzing Verilog file "E:/MIPS32/toyMIPS32/toyMIPS32/toyMIPS32.srcs/sources_1/new/id.v" into library xil_defaultlib
INFO: [VRFC 10-311] analyzing module id
INFO: [VRFC 10-2263] Analyzing Verilog file "E:/MIPS32/toyMIPS32/toyMIPS32/toyMIPS32.srcs/sources_1/new/id_ex.v" into library xil_defaultlib
INFO: [VRFC 10-311] analyzing module id_ex
INFO: [VRFC 10-2263] Analyzing Verilog file "E:/MIPS32/toyMIPS32/toyMIPS32/toyMIPS32.srcs/sources_1/new/if_id.v" into library xil_defaultlib
INFO: [VRFC 10-311] analyzing module if_id
INFO: [VRFC 10-2263] Analyzing Verilog file "E:/MIPS32/toyMIPS32/toyMIPS32/toyMIPS32.srcs/sources_1/new/inst_rom.v" into library xil_defaultlib
INFO: [VRFC 10-311] analyzing module inst_rom
INFO: [VRFC 10-2263] Analyzing Verilog file "E:/MIPS32/toyMIPS32/toyMIPS32/toyMIPS32.srcs/sources_1/new/mem.v" into library xil_defaultlib
INFO: [VRFC 10-311] analyzing module mem
INFO: [VRFC 10-2263] Analyzing Verilog file "E:/MIPS32/toyMIPS32/toyMIPS32/toyMIPS32.srcs/sources_1/new/mem_wb.v" into library xil_defaultlib
INFO: [VRFC 10-311] analyzing module mem_wb
INFO: [VRFC 10-2263] Analyzing Verilog file "E:/MIPS32/toyMIPS32/toyMIPS32/toyMIPS32.srcs/sources_1/new/pc_reg.v" into library xil_defaultlib
INFO: [VRFC 10-311] analyzing module pc_reg
INFO: [VRFC 10-2263] Analyzing Verilog file "E:/MIPS32/toyMIPS32/toyMIPS32/toyMIPS32.srcs/sources_1/new/regfile.v" into library xil_defaultlib
INFO: [VRFC 10-311] analyzing module regfile
INFO: [VRFC 10-2263] Analyzing Verilog file "E:/MIPS32/toyMIPS32/toyMIPS32/toyMIPS32.srcs/sim_1/new/OpenMIPS_min_sopc_tb.v" into library xil_defaultlib
INFO: [VRFC 10-311] analyzing module OpenMIPS_min_sopc_tb
INFO: [VRFC 10-2263] Analyzing Verilog file "E:/MIPS32/toyMIPS32/toyMIPS32/toyMIPS32.sim/sim_1/behav/glbl.v" into library xil_defaultlib
INFO: [VRFC 10-311] analyzing module glbl
